C51 COMPILER V9.60.0.0   MAIN                                                              06/29/2021 20:38:12 PAGE 1   


C51 COMPILER V9.60.0.0, COMPILATION OF MODULE MAIN
OBJECT MODULE PLACED IN main.OBJ
COMPILER INVOKED BY: D:\Software\keil5\C51\BIN\C51.EXE main.c OPTIMIZE(8,SPEED) BROWSE INCDIR(.\driver) DEBUG OBJECTEXTE
                    -ND TABS(2)

line level    source

   1          #include "led.h"
   2          #include "exti.h"
   3          #include "timer.h"
   4          #include "seg.h"
   5          #include "key.h"
   6          #include "uart.h"
   7          
   8          
   9          void main(){
  10   1          
  11   1          led_init();
  12   1          //exti_init();
  13   1          timer1_init();
  14   1          seg_init();
  15   1          uart_init();
  16   1          
  17   1          while(1){
  18   2              
  19   2              if(recflag == 1){
  20   3                  Uart_Sendstring(recbuff);
  21   3                  recflag = 0;
  22   3                  
  23   3              }
  24   2              
  25   2          
  26   2          }
  27   1      }
  28          


MODULE INFORMATION:   STATIC OVERLAYABLE
   CODE SIZE        =     31    ----
   CONSTANT SIZE    =   ----    ----
   XDATA SIZE       =   ----    ----
   PDATA SIZE       =   ----    ----
   DATA SIZE        =   ----    ----
   IDATA SIZE       =   ----    ----
   BIT SIZE         =   ----    ----
END OF MODULE INFORMATION.


C51 COMPILATION COMPLETE.  0 WARNING(S),  0 ERROR(S)
