C51 COMPILER V9.60.0.0   TIMER                                                             06/29/2021 20:38:12 PAGE 1   


C51 COMPILER V9.60.0.0, COMPILATION OF MODULE TIMER
OBJECT MODULE PLACED IN timer.obj
COMPILER INVOKED BY: D:\Software\keil5\C51\BIN\C51.EXE driver\timer.c OPTIMIZE(8,SPEED) BROWSE INCDIR(.\driver) DEBUG OB
                    -JECTEXTEND PRINT(.\timer.lst) TABS(2) OBJECT(timer.obj)

line level    source

   1          #include "timer.h"
   2          void timer1_init()
   3          {
   4   1        AUXR &= 0xBF;//配置定时器1为12分频
   5   1        TMOD &= 0x0F;//配置定时器1工作在模式0，使用定时器，打开定时器
   6   1        TL1 = (65536-1000)%256;//配置定时器的低8位
   7   1        TH1 = (65536-1000)/256;//配置定时器的高8位
   8   1        TF1 = 0;//默认溢出标志清0
   9   1        TR1 = 1;//允许T1开始计数
  10   1        ET1 = 1;//允许T1中断
  11   1        EA = 1;//开启总中断
  12   1      }
  13          
  14          void timer_1(void)interrupt 3
  15          {
  16   1        static int ms = 0;
  17   1        ms++;
  18   1        if(!(ms % 1000))
  19   1        {
  20   2          //led_display(sec);
  21   2        }
  22   1      }
  23          
  24          


MODULE INFORMATION:   STATIC OVERLAYABLE
   CODE SIZE        =     34    ----
   CONSTANT SIZE    =   ----    ----
   XDATA SIZE       =   ----    ----
   PDATA SIZE       =   ----    ----
   DATA SIZE        =      2    ----
   IDATA SIZE       =   ----    ----
   BIT SIZE         =   ----    ----
END OF MODULE INFORMATION.


C51 COMPILATION COMPLETE.  0 WARNING(S),  0 ERROR(S)
