C51 COMPILER V9.60.0.0   UART                                                              06/29/2021 20:38:12 PAGE 1   


C51 COMPILER V9.60.0.0, COMPILATION OF MODULE UART
OBJECT MODULE PLACED IN uart.obj
COMPILER INVOKED BY: D:\Software\keil5\C51\BIN\C51.EXE driver\uart.c OPTIMIZE(8,SPEED) BROWSE INCDIR(.\driver) DEBUG OBJ
                    -ECTEXTEND PRINT(.\uart.lst) TABS(2) OBJECT(uart.obj)

line level    source

   1          #include "uart.h"
   2          
   3          unsigned char recbuff[10] = 0;
   4          unsigned char num = 0;
   5          unsigned char recflag = 0;
   6          
   7          void uart_init()
   8          {
   9   1        SCON = 0x50;            // 8位数据,可变波特率
  10   1        AUXR |= 0x01;           // 串口1选择定时器2为波特率发生器
  11   1        AUXR |= 0x04;           // 定时器2时钟为Fosc, 即1T
  12   1        T2L = 0x8F;           // 设定定时初值
  13   1        T2H = 0xFD;             // 设定定时初值
  14   1        AUXR |= 0x10;           // 启动定时器2
  15   1        ES = 1;                 // 允许串口中断
  16   1        EA = 1;
  17   1      }
  18          
  19          void Uart_Sendstring(unsigned char *pucStr)
  20          {
  21   1        while(*pucStr != '\0')
  22   1        {
  23   2          SBUF = *pucStr;
  24   2          while(TI == 0);
  25   2          TI = 0;
  26   2          pucStr++;
  27   2        }
  28   1      }
  29          //1.能够接收到1个字符
  30          //2.能够定时发送字符串
  31          //3.能够接受字符串
  32          //4.把接收到的内容发送回去
  33          
  34          void uart_0(void) interrupt 4
  35          {
  36   1        unsigned char dat;
  37   1        
  38   1        if(RI)
  39   1        {
  40   2          recbuff[num++] = SBUF;
  41   2          RI = 0;
  42   2          recflag = 1;
  43   2        }
  44   1      }
*** WARNING C280 IN LINE 36 OF driver\uart.c: 'dat': unreferenced local variable
  45          


MODULE INFORMATION:   STATIC OVERLAYABLE
   CODE SIZE        =     83    ----
   CONSTANT SIZE    =   ----    ----
   XDATA SIZE       =   ----    ----
   PDATA SIZE       =   ----    ----
   DATA SIZE        =     12       1
C51 COMPILER V9.60.0.0   UART                                                              06/29/2021 20:38:12 PAGE 2   

   IDATA SIZE       =   ----    ----
   BIT SIZE         =   ----    ----
END OF MODULE INFORMATION.


C51 COMPILATION COMPLETE.  1 WARNING(S),  0 ERROR(S)
