C51 COMPILER V9.60.0.0   MAIN                                                              11/02/2021 13:19:21 PAGE 1   


C51 COMPILER V9.60.0.0, COMPILATION OF MODULE MAIN
OBJECT MODULE PLACED IN main.OBJ
COMPILER INVOKED BY: D:\Software\keil5\C51\BIN\C51.EXE main.c OPTIMIZE(8,SPEED) BROWSE INCDIR(.\driver) DEBUG OBJECTEXTE
                    -ND TABS(2)

line level    source

   1          #include "led.h"
   2          #include "exti.h"
   3          #include "timer.h"
   4          #include "seg.h"
   5          #include "key.h"
   6          #include "uart.h"
   7          #include "ds1302.h"
   8          #include "ds18b20.h"
   9          unsigned char pucRtc[3] = {23, 59, 50};
  10          unsigned int temper;
  11          void main(){
  12   1          
  13   1          //led_init();
  14   1          //exti_init();
  15   1          timer1_init();
  16   1          seg_init();
  17   1          //uart_init();
  18   1          //Set_RTC(pucRtc);
  19   1          while(1){
  20   2              /*
  21   2              if(recflag == 1){
  22   2                  Uart_Sendstring(recbuff);
  23   2                  recflag = 0;
  24   2              }
  25   2              */
  26   2            
  27   2            
  28   2            seg_display( 0, (unsigned char)(temper/10), 0);
  29   2            seg_display( 1, (unsigned char)(temper)%10, 1);
  30   2            seg_display( 2, (unsigned char)(temper*10)%10, 0);
  31   2            seg_display( 3, (unsigned char)(temper*100)%10, 0);
  32   2          }
  33   1      }
  34          


MODULE INFORMATION:   STATIC OVERLAYABLE
   CODE SIZE        =     80    ----
   CONSTANT SIZE    =   ----    ----
   XDATA SIZE       =   ----    ----
   PDATA SIZE       =   ----    ----
   DATA SIZE        =      5    ----
   IDATA SIZE       =   ----    ----
   BIT SIZE         =   ----    ----
END OF MODULE INFORMATION.


C51 COMPILATION COMPLETE.  0 WARNING(S),  0 ERROR(S)
