C51 COMPILER V9.60.0.0   UART                                                              11/02/2021 13:18:57 PAGE 1   


C51 COMPILER V9.60.0.0, COMPILATION OF MODULE UART
OBJECT MODULE PLACED IN uart.obj
COMPILER INVOKED BY: D:\Software\keil5\C51\BIN\C51.EXE driver\uart.c OPTIMIZE(8,SPEED) BROWSE INCDIR(.\driver) DEBUG OBJ
                    -ECTEXTEND PRINT(.\uart.lst) TABS(2) OBJECT(uart.obj)

line level    source

   1          #include "uart.h"
   2          
   3          unsigned char recbuff[10] = 0;
   4          unsigned char num = 0;
   5          unsigned char recflag = 0;
   6          void uart_init()
   7          {
   8   1        SCON = 0x50;            // 8位数据,可变波特率
   9   1        AUXR |= 0x01;           // 串口1选择定时器2为波特率发生器
  10   1        AUXR |= 0x04;           // 定时器2时钟为Fosc, 即1T
  11   1        T2L = 0x8F;           // 设定定时初值
  12   1        T2H = 0xFD;             // 设定定时初值
  13   1        AUXR |= 0x10;           // 启动定时器2
  14   1        ES = 1;                 // 允许串口中断
  15   1        EA = 1;
  16   1      }
  17          
  18          void Uart_Sendstring(unsigned char *pucStr)
  19          {
  20   1        while(*pucStr != '\0')
  21   1        {
  22   2          SBUF = *pucStr;
  23   2          while(TI == 0);
  24   2          TI = 0;
  25   2          pucStr++;
  26   2        }
  27   1      }
  28          
  29          
  30          void uart_0(void) interrupt 4
  31          {
  32   1        if(RI)
  33   1        {
  34   2          recbuff[num++] = SBUF;
  35   2          RI = 0;
  36   2          recflag = 1;
  37   2        }
  38   1      }
  39          


MODULE INFORMATION:   STATIC OVERLAYABLE
   CODE SIZE        =     83    ----
   CONSTANT SIZE    =   ----    ----
   XDATA SIZE       =   ----    ----
   PDATA SIZE       =   ----    ----
   DATA SIZE        =     12    ----
   IDATA SIZE       =   ----    ----
   BIT SIZE         =   ----    ----
END OF MODULE INFORMATION.


C51 COMPILATION COMPLETE.  0 WARNING(S),  0 ERROR(S)
