C51 COMPILER V9.60.0.0   MAIN                                                              03/29/2021 13:20:37 PAGE 1   


C51 COMPILER V9.60.0.0, COMPILATION OF MODULE MAIN
OBJECT MODULE PLACED IN main.OBJ
COMPILER INVOKED BY: D:\Software\keil4_bluebridge\C51\BIN\C51.EXE main.c BROWSE INCDIR(.\driver) DEBUG OBJECTEXTEND TABS
                    -(2)

line level    source

   1          #include "led.h"
   2          #include "exti.h"
   3          #include "timer.h"
   4          #include "seg.h"
   5          #include "key.h"
   6          #include "uart.h"
   7          #include "ds1302.h"
   8          #include "ds18b20.h"
   9          #include "iic.h"
  10          #include "PCF8591.h"
  11          #include "at24c02.h"
  12          
  13          unsigned char write_buff[3] = {89, 98, 76};
  14          unsigned char read_buff[3] = {0};
  15          unsigned char save_address = 0x70;
  16          void main(){
  17   1          //led_init();
  18   1          //exti_init();
  19   1          timer1_init();
  20   1          seg_init();
  21   1          //uart_init();
  22   1          //Set_RTC(pucRtc);
  23   1          EEPROM_Write( write_buff, save_address, 3);
  24   1          delay(500);
  25   1          EEPROM_Read ( read_buff,  save_address, 3);
  26   1          while(1){
  27   2              if(time_500ms == 1){
  28   3                  //EEPROM_Read ( read_buff,  save_address, 3);
  29   3                  time_500ms = 0;
  30   3              }
  31   2              
  32   2              seg_display(0, read_buff[0]/10, 0);
  33   2              seg_display(1, read_buff[0]%10, 0);
  34   2              seg_display(2, read_buff[1]/10, 0);
  35   2              seg_display(3, read_buff[1]%10, 0);
  36   2              seg_display(4, read_buff[2]/10, 0);
  37   2              seg_display(5, read_buff[2]%10, 0);
  38   2          }
  39   1      }
  40          


MODULE INFORMATION:   STATIC OVERLAYABLE
   CODE SIZE        =    137    ----
   CONSTANT SIZE    =   ----    ----
   XDATA SIZE       =   ----    ----
   PDATA SIZE       =   ----    ----
   DATA SIZE        =      7    ----
   IDATA SIZE       =   ----    ----
   BIT SIZE         =   ----    ----
END OF MODULE INFORMATION.


C51 COMPILATION COMPLETE.  0 WARNING(S),  0 ERROR(S)
