C51 COMPILER V9.60.0.0   AT24C02                                                           05/30/2021 11:50:18 PAGE 1   


C51 COMPILER V9.60.0.0, COMPILATION OF MODULE AT24C02
OBJECT MODULE PLACED IN at24c02.obj
COMPILER INVOKED BY: D:\Software\keil5\C51\BIN\C51.EXE driver\at24c02.c OPTIMIZE(8,SPEED) BROWSE INCDIR(.\driver) DEBUG 
                    -OBJECTEXTEND PRINT(.\at24c02.lst) TABS(2) OBJECT(at24c02.obj)

line level    source

   1          #include "at24c02.h"
   2          
   3          /**
   4          * @brief 从AT24C02(add)中读出数据da
   5          *
   6          * @param[in] add - AT24C02存储地址
   7          * @param[out] da - 从AT24C02相应地址中读取到的数据
   8          * @return - da
   9          */
  10          void EEPROM_Read(unsigned char* pucBuf, unsigned char addr, unsigned char num)
  11          {
  12   1          IIC_Start();
  13   1          IIC_SendByte(0xa0);
  14   1          IIC_WaitAck();
  15   1      
  16   1          IIC_SendByte(addr);
  17   1          IIC_WaitAck();
  18   1      
  19   1          IIC_Start();
  20   1          IIC_SendByte(0xa1);
  21   1          IIC_WaitAck();
  22   1      
  23   1          while(num--)
  24   1          {
  25   2              *pucBuf++ = IIC_RecByte();
  26   2              if(num) IIC_SendAck(0);
  27   2              else IIC_SendAck(1);
  28   2          }
  29   1          IIC_Stop();
  30   1      }
  31          /**
  32          * @brief 向AT24C02(add)中写入数据val
  33          *
  34          * @param[in] add - AT24C02存储地址
  35          * @param[in] val - 待写入AT24C02相应地址的数据
  36          * @return - none
  37          */
  38          void EEPROM_Write(unsigned char* pucBuf, unsigned char addr, unsigned char num)
  39          {
  40   1          IIC_Start();
  41   1          IIC_SendByte(0xa0);
  42   1          IIC_WaitAck();
  43   1      
  44   1          IIC_SendByte(addr);
  45   1          IIC_WaitAck();
  46   1      
  47   1          while(num--)
  48   1          {
  49   2              IIC_SendByte(*pucBuf++); 
  50   2              IIC_WaitAck();
  51   2              IIC_Delay(200);
  52   2          }
  53   1          IIC_Stop();
  54   1      }
C51 COMPILER V9.60.0.0   AT24C02                                                           05/30/2021 11:50:18 PAGE 2   

  55          


MODULE INFORMATION:   STATIC OVERLAYABLE
   CODE SIZE        =    152    ----
   CONSTANT SIZE    =   ----    ----
   XDATA SIZE       =   ----    ----
   PDATA SIZE       =   ----    ----
   DATA SIZE        =   ----      10
   IDATA SIZE       =   ----    ----
   BIT SIZE         =   ----    ----
END OF MODULE INFORMATION.


C51 COMPILATION COMPLETE.  0 WARNING(S),  0 ERROR(S)
