C51 COMPILER V9.60.0.0   DS1302                                                            05/30/2021 11:50:17 PAGE 1   


C51 COMPILER V9.60.0.0, COMPILATION OF MODULE DS1302
OBJECT MODULE PLACED IN ds1302.obj
COMPILER INVOKED BY: D:\Software\keil5\C51\BIN\C51.EXE driver\ds1302.c OPTIMIZE(8,SPEED) BROWSE INCDIR(.\driver) DEBUG O
                    -BJECTEXTEND PRINT(.\ds1302.lst) TABS(2) OBJECT(ds1302.obj)

line level    source

   1          /*
   2            程序说明: DS1302驱动程序
   3            软件环境: Keil uVision 4.10 
   4            硬件环境: CT107单片机综合实训平台 8051，12MHz
   5            日    期: 2011-8-9
   6          */
   7          
   8          #include "ds1302.h"
   9          #include "STC15F2K60S2.h"
  10          #include <intrins.h>
  11          
  12          sbit SCK=P1^7;    
  13          sbit SDA=P2^3;    
  14          sbit RST = P1^3;   // DS1302复位                        
  15          
  16          void Write_Ds1302(unsigned  char temp) 
  17          {
  18   1        unsigned char i;
  19   1        for (i=0;i<8;i++)       
  20   1        {
  21   2          SCK=0;
  22   2          SDA=temp&0x01;
  23   2          temp>>=1; 
  24   2          SCK=1;
  25   2        }
  26   1      }   
  27          
  28          void Write_Ds1302_Byte( unsigned char address,unsigned char dat )     
  29          {
  30   1        RST=0;  _nop_();
  31   1        SCK=0;  _nop_();
  32   1        RST=1;  _nop_();  
  33   1        Write_Ds1302(address);  
  34   1        Write_Ds1302(dat);    
  35   1        RST=0; 
  36   1      }
  37          
  38          unsigned char Read_Ds1302_Byte ( unsigned char address )
  39          {
  40   1        unsigned char i,temp=0x00;
  41   1        RST=0;  _nop_();
  42   1        SCK=0;  _nop_();
  43   1        RST=1;  _nop_();
  44   1        Write_Ds1302(address);
  45   1        for (i=0;i<8;i++)   
  46   1        {   
  47   2          SCK=0;
  48   2          temp>>=1; 
  49   2          if(SDA)
  50   2          temp|=0x80; 
  51   2          SCK=1;
  52   2        } 
  53   1        RST=0;  _nop_();
  54   1        SCK=0;  _nop_();
C51 COMPILER V9.60.0.0   DS1302                                                            05/30/2021 11:50:17 PAGE 2   

  55   1        SDA=0;  _nop_();
  56   1        return (temp);      
  57   1      }
  58          // 设置时钟
  59          void Set_RTC(unsigned char* pucRtc)
  60          {
  61   1        unsigned char temp;
  62   1      
  63   1        Write_Ds1302_Byte(0x8E, 0);               // WP=0：允许写操作
  64   1        temp = ((pucRtc[0]/10)<<4)+pucRtc[0]%10;
  65   1        Write_Ds1302_Byte(0x84, temp);            // 设置时
  66   1        temp = ((pucRtc[1]/10)<<4)+pucRtc[1]%10;
  67   1        Write_Ds1302_Byte(0x82, temp);            // 设置分
  68   1        temp = ((pucRtc[2]/10)<<4)+pucRtc[2]%10;
  69   1        Write_Ds1302_Byte(0x80, temp);            // 设置秒
  70   1        Write_Ds1302_Byte(0x8E, 0x80);              // WP=1：禁止写操作
  71   1      }
  72          // 读取时钟
  73          void Read_RTC(unsigned char* pucRtc)
  74          {
  75   1        unsigned char temp;
  76   1      
  77   1        temp = Read_Ds1302_Byte(0x85);            // 读取时
  78   1        pucRtc[0] = (temp>>4)*10+(temp&0xf);
  79   1        temp = Read_Ds1302_Byte(0x83);            // 读取分
  80   1        pucRtc[1] = (temp>>4)*10+(temp&0xf);
  81   1        temp = Read_Ds1302_Byte(0x81);            // 读取秒
  82   1        pucRtc[2] = (temp>>4)*10+(temp&0xf);
  83   1      }


MODULE INFORMATION:   STATIC OVERLAYABLE
   CODE SIZE        =    262    ----
   CONSTANT SIZE    =   ----    ----
   XDATA SIZE       =   ----    ----
   PDATA SIZE       =   ----    ----
   DATA SIZE        =   ----    ----
   IDATA SIZE       =   ----    ----
   BIT SIZE         =   ----    ----
END OF MODULE INFORMATION.


C51 COMPILATION COMPLETE.  0 WARNING(S),  0 ERROR(S)
