C51 COMPILER V9.60.0.0   MAIN                                                              05/30/2021 11:50:16 PAGE 1   


C51 COMPILER V9.60.0.0, COMPILATION OF MODULE MAIN
OBJECT MODULE PLACED IN main.OBJ
COMPILER INVOKED BY: D:\Software\keil5\C51\BIN\C51.EXE main.c OPTIMIZE(8,SPEED) BROWSE INCDIR(.\driver) DEBUG OBJECTEXTE
                    -ND TABS(2)

line level    source

   1          #include "led.h"
   2          #include "exti.h"
   3          #include "timer.h"
   4          #include "seg.h"
   5          #include "key.h"
   6          #include "uart.h"
   7          #include "ds1302.h"
   8          #include "ds18b20.h"
   9          #include "iic.h"
  10          #include "PCF8591.h"
  11          #include "at24c02.h"
  12          
  13          unsigned int fre_val = 0;
  14          void main(){
  15   1          
  16   1          timer1_init();
  17   1          timer0_init();
  18   1          seg_init();
  19   1          while(1){
  20   2              seg_display(0, fre_val/10000, 0);
  21   2              seg_display(1, fre_val/1000%10, 0);
  22   2              seg_display(2, fre_val/100%10, 0);
  23   2              seg_display(3, fre_val/10%10, 0);
  24   2              seg_display(4, fre_val%10, 0);
  25   2          }
  26   1      }
  27          


MODULE INFORMATION:   STATIC OVERLAYABLE
   CODE SIZE        =    123    ----
   CONSTANT SIZE    =   ----    ----
   XDATA SIZE       =   ----    ----
   PDATA SIZE       =   ----    ----
   DATA SIZE        =      2    ----
   IDATA SIZE       =   ----    ----
   BIT SIZE         =   ----    ----
END OF MODULE INFORMATION.


C51 COMPILATION COMPLETE.  0 WARNING(S),  0 ERROR(S)
