C51 COMPILER V9.60.0.0   TIMER                                                             05/30/2021 11:50:16 PAGE 1   


C51 COMPILER V9.60.0.0, COMPILATION OF MODULE TIMER
OBJECT MODULE PLACED IN timer.obj
COMPILER INVOKED BY: D:\Software\keil5\C51\BIN\C51.EXE driver\timer.c OPTIMIZE(8,SPEED) BROWSE INCDIR(.\driver) DEBUG OB
                    -JECTEXTEND PRINT(.\timer.lst) TABS(2) OBJECT(timer.obj)

line level    source

   1          #include "timer.h"
   2          unsigned char time_500ms = 0;
   3          void timer1_init()
   4          {
   5   1        AUXR &= 0xBF;//配置定时器1为12分频
   6   1        TMOD &= 0x0F;//配置定时器1工作在模式0，使用定时器，打开定时器
   7   1        TL1 = (65536-1000)%256;
   8   1        TH1 = (65536-1000)/256;
   9   1        TF1 = 0;
  10   1        TR1 = 1;
  11   1        //TCON = TCON & 0x7F | 0x40;
  12   1        //IE |= 1<<3;
  13   1        ET1 = 1;
  14   1        EA = 1;
  15   1      }
  16          void timer0_init()
  17          {
  18   1          AUXR &= 0x7F;
  19   1          TMOD |= 5;
  20   1          TL0 = 0;
  21   1          TH0 = 0;
  22   1          TF0 = 0;
  23   1          TR0 = 1;
  24   1      }
  25          void timer_1(void)interrupt 3
  26          {
  27   1          static int ms = 0;
  28   1          ms++;
  29   1          if(!(ms % 1000))
  30   1          {
  31   2              fre_val = (TH0<<8)+TL0;
  32   2              TH0 = 0;
  33   2              TL0 = 0;
  34   2          }
  35   1      }
  36          
  37          


MODULE INFORMATION:   STATIC OVERLAYABLE
   CODE SIZE        =    117    ----
   CONSTANT SIZE    =   ----    ----
   XDATA SIZE       =   ----    ----
   PDATA SIZE       =   ----    ----
   DATA SIZE        =      3    ----
   IDATA SIZE       =   ----    ----
   BIT SIZE         =   ----    ----
END OF MODULE INFORMATION.


C51 COMPILATION COMPLETE.  0 WARNING(S),  0 ERROR(S)
