C51 COMPILER V9.60.0.0   MAIN                                                              05/30/2021 10:37:44 PAGE 1   


C51 COMPILER V9.60.0.0, COMPILATION OF MODULE MAIN
OBJECT MODULE PLACED IN main.OBJ
COMPILER INVOKED BY: D:\Software\keil5\C51\BIN\C51.EXE main.c OPTIMIZE(8,SPEED) BROWSE INCDIR(.\driver) DEBUG OBJECTEXTE
                    -ND TABS(2)

line level    source

   1          #include "led.h"
   2          #include "exti.h"
   3          #include "timer.h"
   4          #include "seg.h"
   5          #include "key.h"
   6          #include "uart.h"
   7          #include "ds1302.h"
   8          #include "ds18b20.h"
   9          #include "iic.h"
  10          #include "PCF8591.h"
  11          #include "at24c02.h"
  12          #include "ultrasonic.h"
  13          char display[8];
  14          void main(){
  15   1          unsigned int value;
  16   1          timer1_init();
  17   1          timer0_init();
  18   1          seg_init();
  19   1          while(1){
  20   2              if(time_500ms){
  21   3                value = wave_recv();
  22   3                display[0] = value/100;
  23   3                display[1] = value%100/10;
  24   3                display[2] = value%100%10;
  25   3                //seg_display(0, 1, 0);
  26   3                //seg_display(1, value%100/10, 0);
  27   3                //seg_display(2, value%100%10, 0);
  28   3                time_500ms = 0;
  29   3              }
  30   2              
  31   2              
  32   2          }
  33   1      }
  34          


MODULE INFORMATION:   STATIC OVERLAYABLE
   CODE SIZE        =     86    ----
   CONSTANT SIZE    =   ----    ----
   XDATA SIZE       =   ----    ----
   PDATA SIZE       =   ----    ----
   DATA SIZE        =      8    ----
   IDATA SIZE       =   ----    ----
   BIT SIZE         =   ----    ----
END OF MODULE INFORMATION.


C51 COMPILATION COMPLETE.  0 WARNING(S),  0 ERROR(S)
