C51 COMPILER V9.60.0.0   MAIN                                                              03/22/2021 18:34:46 PAGE 1   


C51 COMPILER V9.60.0.0, COMPILATION OF MODULE MAIN
OBJECT MODULE PLACED IN main.OBJ
COMPILER INVOKED BY: D:\Software\keil4_bluebridge\C51\BIN\C51.EXE main.c BROWSE INCDIR(.\driver) DEBUG OBJECTEXTEND TABS
                    -(2)

line level    source

   1          #include "led.h"
   2          #include "exti.h"
   3          #include "timer.h"
   4          #include "seg.h"
   5          
   6          void main(){
   7   1          int i = 0;
   8   1          //led_init();
   9   1          //exti_init();
  10   1          //timer1_init();
  11   1          seg_init();
  12   1          while(1){
  13   2            
  14   2            
  15   2            for(i = 0; i < 8; i++)
  16   2              seg_display(i, i);
  17   2            
  18   2          }
  19   1      }
  20          


MODULE INFORMATION:   STATIC OVERLAYABLE
   CODE SIZE        =     41    ----
   CONSTANT SIZE    =   ----    ----
   XDATA SIZE       =   ----    ----
   PDATA SIZE       =   ----    ----
   DATA SIZE        =   ----       2
   IDATA SIZE       =   ----    ----
   BIT SIZE         =   ----    ----
END OF MODULE INFORMATION.


C51 COMPILATION COMPLETE.  0 WARNING(S),  0 ERROR(S)
