C51 COMPILER V9.60.0.0   MAIN                                                              05/30/2021 11:20:20 PAGE 1   


C51 COMPILER V9.60.0.0, COMPILATION OF MODULE MAIN
OBJECT MODULE PLACED IN main.OBJ
COMPILER INVOKED BY: D:\Software\keil5\C51\BIN\C51.EXE main.c OPTIMIZE(8,SPEED) BROWSE INCDIR(.\driver) DEBUG OBJECTEXTE
                    -ND TABS(2)

line level    source

   1          #include "led.h"
   2          #include "exti.h"
   3          #include "timer.h"
   4          #include "seg.h"
   5          #include "key.h"
   6          #include "uart.h"
   7          #include "ds1302.h"
   8          #include "ds18b20.h"
   9          #include "PCF8591.h"
  10          
  11          void main(){
  12   1          unsigned char val;
  13   1          float val_f;
  14   1          //led_init();
  15   1          //exti_init();
  16   1          timer1_init();
  17   1          seg_init();
  18   1          //uart_init();
  19   1          //Set_RTC(pucRtc);
  20   1          while(1){
  21   2              /*
  22   2              if(recflag == 1){
  23   2                  Uart_Sendstring(recbuff);
  24   2                  recflag = 0;
  25   2              }
  26   2              */
  27   2            if(time_500ms == 1){
  28   3              val = PCF8591_Adc();
  29   3              PCF8591_Dac(val);//输出模拟电压
  30   3              time_500ms = 0;
  31   3            }
  32   2            val_f = 5 - val * 4.9 / 255.0;//这里的4.9是因为最大能达到4.9V，具体的板子还要具体去调试
  33   2            seg_display(0, (unsigned char)val_f, 1);
  34   2            seg_display(1, (unsigned char)(val_f*10)%10, 0);
  35   2            seg_display(2, (unsigned char)(val_f*100)%10, 0);
  36   2          }
  37   1      }
  38          


MODULE INFORMATION:   STATIC OVERLAYABLE
   CODE SIZE        =    161    ----
   CONSTANT SIZE    =   ----    ----
   XDATA SIZE       =   ----    ----
   PDATA SIZE       =   ----    ----
   DATA SIZE        =   ----       5
   IDATA SIZE       =   ----    ----
   BIT SIZE         =   ----    ----
END OF MODULE INFORMATION.


C51 COMPILATION COMPLETE.  0 WARNING(S),  0 ERROR(S)
