C51 COMPILER V9.60.0.0   TIMER                                                             05/30/2021 11:20:21 PAGE 1   


C51 COMPILER V9.60.0.0, COMPILATION OF MODULE TIMER
OBJECT MODULE PLACED IN timer.obj
COMPILER INVOKED BY: D:\Software\keil5\C51\BIN\C51.EXE driver\timer.c OPTIMIZE(8,SPEED) BROWSE INCDIR(.\driver) DEBUG OB
                    -JECTEXTEND PRINT(.\timer.lst) TABS(2) OBJECT(timer.obj)

line level    source

   1          #include "timer.h"
   2          unsigned char time_500ms = 0;
   3          void timer1_init()
   4          {
   5   1        AUXR &= 0xBF;//配置定时器1为12分频
   6   1        TMOD &= 0x0F;//配置定时器1工作在模式0，使用定时器，打开定时器
   7   1        TL1 = (65536-1000)%256;
   8   1        TH1 = (65536-1000)/256;
   9   1        TF1 = 0;
  10   1        TR1 = 1;
  11   1        //TCON = TCON & 0x7F | 0x40;
  12   1        //IE |= 1<<3;
  13   1        ET1 = 1;
  14   1        EA = 1;
  15   1      }
  16          
  17          void timer_1(void)interrupt 3
  18          {
  19   1        static int ms = 0;
  20   1        static int sec = 0;
  21   1        char arr[10] = "Hello\n";
  22   1        ms++;
  23   1        
  24   1        if(!(ms % 500))
  25   1        {
  26   2          sec++;
  27   2          time_500ms = 1;
  28   2        }
  29   1      }
  30          
  31          


MODULE INFORMATION:   STATIC OVERLAYABLE
   CODE SIZE        =    129    ----
   CONSTANT SIZE    =     10    ----
   XDATA SIZE       =   ----    ----
   PDATA SIZE       =   ----    ----
   DATA SIZE        =      5      10
   IDATA SIZE       =   ----    ----
   BIT SIZE         =   ----    ----
END OF MODULE INFORMATION.


C51 COMPILATION COMPLETE.  0 WARNING(S),  0 ERROR(S)
