C51 COMPILER V9.60.0.0   MAIN                                                              06/02/2021 16:04:06 PAGE 1   


C51 COMPILER V9.60.0.0, COMPILATION OF MODULE MAIN
OBJECT MODULE PLACED IN main.OBJ
COMPILER INVOKED BY: D:\Software\keil5\C51\BIN\C51.EXE main.c OPTIMIZE(8,SPEED) BROWSE INCDIR(.\driver) DEBUG OBJECTEXTE
                    -ND TABS(2)

line level    source

   1          #include "led.h"
   2          #include "exti.h"
   3          #include "timer.h"
   4          #include "seg.h"
   5          #include "key.h"
   6          unsigned char seg_buff[8] = {10, 10, 10, 10, 10, 10, 10, 10};
   7          void main(){
   8   1        unsigned char val;
   9   1        led_init();
  10   1        timer1_init();
  11   1        seg_init();
  12   1        
  13   1        while(1){
  14   2          if(key_read()){
  15   3            delay(20);
  16   3            if(val = key_read()){
  17   4              seg_buff[6] = val/10;
  18   4              seg_buff[7] = val%10;
  19   4            }else{
  20   4              seg_buff[6] = 0;
  21   4              seg_buff[7] = 0;
  22   4            }
  23   3          }else{
  24   3            seg_buff[6] = 0;
  25   3            seg_buff[7] = 0;
  26   3          }
  27   2        }
  28   1      }
  29          
  30          void timer_1(void)interrupt 3
  31          {
  32   1        static int cnt = 0;
  33   1        if(++cnt == 8) cnt = 0;
  34   1        seg_display(cnt, seg_buff[cnt]);
  35   1      }


MODULE INFORMATION:   STATIC OVERLAYABLE
   CODE SIZE        =    146    ----
   CONSTANT SIZE    =   ----    ----
   XDATA SIZE       =   ----    ----
   PDATA SIZE       =   ----    ----
   DATA SIZE        =     10       1
   IDATA SIZE       =   ----    ----
   BIT SIZE         =   ----    ----
END OF MODULE INFORMATION.


C51 COMPILATION COMPLETE.  0 WARNING(S),  0 ERROR(S)
