C51 COMPILER V9.60.0.0   DS1302                                                            06/30/2021 13:58:15 PAGE 1   


C51 COMPILER V9.60.0.0, COMPILATION OF MODULE DS1302
OBJECT MODULE PLACED IN ds1302.obj
COMPILER INVOKED BY: D:\Software\keil5\C51\BIN\C51.EXE driver\ds1302.c OPTIMIZE(8,SPEED) BROWSE INCDIR(.\driver) DEBUG O
                    -BJECTEXTEND PRINT(.\ds1302.lst) TABS(2) OBJECT(ds1302.obj)

line level    source

   1          /*
   2            程序说明: DS1302驱动程序
   3            软件环境: Keil uVision 4.10 
   4            硬件环境: CT107单片机综合实训平台 8051，12MHz
   5            日    期: 2011-8-9
   6          */
   7          
   8          #include <reg52.h>
   9          #include <intrins.h>
  10          
  11          sbit SCK=P1^7;    
  12          sbit SDA=P2^3;    
  13          sbit RST = P1^3;   // DS1302复位                        
  14          
  15          void Write_Ds1302(unsigned  char temp) 
  16          {
  17   1        unsigned char i;
  18   1        for (i=0;i<8;i++)       
  19   1        { 
  20   2          SCK=0;
  21   2          SDA=temp&0x01;
  22   2          temp>>=1; 
  23   2          SCK=1;
  24   2        }
  25   1      }   
  26          
  27          void Write_Ds1302_Byte( unsigned char address,unsigned char dat )     
  28          {
  29   1        RST=0;  _nop_();
  30   1        SCK=0;  _nop_();
  31   1        RST=1;  _nop_();  
  32   1        Write_Ds1302(address);  
  33   1        Write_Ds1302(dat);    
  34   1        RST=0; 
  35   1      }
  36          
  37          unsigned char Read_Ds1302_Byte ( unsigned char address )
  38          {
  39   1        unsigned char i,temp=0x00;
  40   1        RST=0;  _nop_();
  41   1        SCK=0;  _nop_();
  42   1        RST=1;  _nop_();
  43   1        Write_Ds1302(address);
  44   1        for (i=0;i<8;i++)   
  45   1        {   
  46   2          SCK=0;
  47   2          temp>>=1; 
  48   2          if(SDA)
  49   2            temp|=0x80; 
  50   2          SCK=1;
  51   2        } 
  52   1        RST=0;  _nop_();
  53   1        SCK=0;  _nop_();
  54   1        SDA=0;  _nop_();
C51 COMPILER V9.60.0.0   DS1302                                                            06/30/2021 13:58:15 PAGE 2   

  55   1        return (temp);      
  56   1      }
  57          // 设置时钟
  58          void Set_RTC(unsigned char* pucRtc)
  59          {
  60   1        unsigned char temp;
  61   1      
  62   1        Write_Ds1302_Byte(0x8E, 0);               // WP=0：允许写操作
  63   1        temp = ((pucRtc[0]/10)<<4)+pucRtc[0]%10;
  64   1        Write_Ds1302_Byte(0x84, temp);            // 设置时
  65   1        temp = ((pucRtc[1]/10)<<4)+pucRtc[1]%10;
  66   1        Write_Ds1302_Byte(0x82, temp);            // 设置分
  67   1        temp = ((pucRtc[2]/10)<<4)+pucRtc[2]%10;
  68   1        Write_Ds1302_Byte(0x80, temp);            // 设置秒
  69   1        Write_Ds1302_Byte(0x8E, 0x80);              // WP=1：禁止写操作
  70   1      }
  71          // 读取时钟
  72          void Read_RTC(unsigned char* pucRtc)
  73          {
  74   1        unsigned char temp;
  75   1      
  76   1        temp = Read_Ds1302_Byte(0x85);            // 读取时
  77   1        pucRtc[0] = (temp>>4)*10+(temp&0xf);
  78   1        temp = Read_Ds1302_Byte(0x83);            // 读取分
  79   1        pucRtc[1] = (temp>>4)*10+(temp&0xf);
  80   1        temp = Read_Ds1302_Byte(0x81);            // 读取秒
  81   1        pucRtc[2] = (temp>>4)*10+(temp&0xf);
  82   1      }


MODULE INFORMATION:   STATIC OVERLAYABLE
   CODE SIZE        =    262    ----
   CONSTANT SIZE    =   ----    ----
   XDATA SIZE       =   ----    ----
   PDATA SIZE       =   ----    ----
   DATA SIZE        =   ----    ----
   IDATA SIZE       =   ----    ----
   BIT SIZE         =   ----    ----
END OF MODULE INFORMATION.


C51 COMPILATION COMPLETE.  0 WARNING(S),  0 ERROR(S)
