C51 COMPILER V9.60.0.0   EXTI                                                              06/30/2021 13:58:15 PAGE 1   


C51 COMPILER V9.60.0.0, COMPILATION OF MODULE EXTI
OBJECT MODULE PLACED IN exti.obj
COMPILER INVOKED BY: D:\Software\keil5\C51\BIN\C51.EXE driver\exti.c OPTIMIZE(8,SPEED) BROWSE INCDIR(.\driver) DEBUG OBJ
                    -ECTEXTEND PRINT(.\exti.lst) TABS(2) OBJECT(exti.obj)

line level    source

   1          #include "exti.h"
   2          
   3          void exti_init()
   4          {
   5   1        EX1 = 1;//开启外部中断1
   6   1        IT1 = 1;//配置成下降沿触发模式
   7   1        
   8   1        EX0 = 1;
   9   1        IT0 = 1;
  10   1        
  11   1        EA = 1;//开启总中断
  12   1      }
  13          
  14          void exti_0(void) interrupt 0
  15          {
  16   1        
  17   1        static int i = 0;
  18   1        i++;
  19   1        if(i%2)
  20   1          led_display(0xFF);
  21   1        else 
  22   1          led_display(0x00);
  23   1        
  24   1      
  25   1      } 
  26          
  27          void exti_1(void) interrupt 2
  28          {
  29   1        static int i = 0;
  30   1        i++;
  31   1        if(i%2)
  32   1          led_display(0xFF);
  33   1        else 
  34   1          led_display(0x00);
  35   1      } 
  36          


MODULE INFORMATION:   STATIC OVERLAYABLE
   CODE SIZE        =    185    ----
   CONSTANT SIZE    =   ----    ----
   XDATA SIZE       =   ----    ----
   PDATA SIZE       =   ----    ----
   DATA SIZE        =      4    ----
   IDATA SIZE       =   ----    ----
   BIT SIZE         =   ----    ----
END OF MODULE INFORMATION.


C51 COMPILATION COMPLETE.  0 WARNING(S),  0 ERROR(S)
