C51 COMPILER V9.60.0.0   MAIN                                                              06/30/2021 13:58:14 PAGE 1   


C51 COMPILER V9.60.0.0, COMPILATION OF MODULE MAIN
OBJECT MODULE PLACED IN main.OBJ
COMPILER INVOKED BY: D:\Software\keil5\C51\BIN\C51.EXE main.c OPTIMIZE(8,SPEED) BROWSE INCDIR(.\driver) DEBUG OBJECTEXTE
                    -ND TABS(2)

line level    source

   1          #include "led.h"
   2          #include "exti.h"
   3          #include "timer.h"
   4          #include "seg.h"
   5          #include "key.h"
   6          #include "uart.h"
   7          #include "ds1302.h"
   8          unsigned char pucRtc[3] = {23, 59, 50};
   9          unsigned char recvBuff[3];
  10          void main(){
  11   1          
  12   1          //led_init();
  13   1          //exti_init();
  14   1          timer1_init();
  15   1          seg_init();
  16   1          //uart_init();
  17   1          Set_RTC(pucRtc);
  18   1          while(1){
  19   2              /*
  20   2              if(recflag == 1){
  21   2                  Uart_Sendstring(recbuff);
  22   2                  recflag = 0;
  23   2              }
  24   2              */
  25   2            
  26   2            
  27   2            seg_display( 0, recvBuff[0]/10);
  28   2            seg_display( 1, recvBuff[0]%10);
  29   2            seg_display( 2, recvBuff[1]/10);
  30   2            seg_display( 3, recvBuff[1]%10);
  31   2            seg_display( 4, recvBuff[2]/10);
  32   2            seg_display( 5, recvBuff[2]%10);
  33   2          }
  34   1      }
  35          


MODULE INFORMATION:   STATIC OVERLAYABLE
   CODE SIZE        =     92    ----
   CONSTANT SIZE    =   ----    ----
   XDATA SIZE       =   ----    ----
   PDATA SIZE       =   ----    ----
   DATA SIZE        =      6    ----
   IDATA SIZE       =   ----    ----
   BIT SIZE         =   ----    ----
END OF MODULE INFORMATION.


C51 COMPILATION COMPLETE.  0 WARNING(S),  0 ERROR(S)
