C51 COMPILER V9.60.0.0   LED                                                               04/25/2021 10:27:07 PAGE 1   


C51 COMPILER V9.60.0.0, COMPILATION OF MODULE LED
OBJECT MODULE PLACED IN led.obj
COMPILER INVOKED BY: D:\Software\keil5\C51\BIN\C51.EXE driver\led.c OPTIMIZE(8,SPEED) BROWSE INCDIR(.\driver) DEBUG OBJE
                    -CTEXTEND PRINT(.\led.lst) TABS(2) OBJECT(led.obj)

line level    source

   1          #include "led.h"
   2          void led_init()
   3          {
   4   1          P0 = 0xFF;
   5   1          P25 = 0;
   6   1          P26 = 0;
   7   1          P27 = 1;//导通
   8   1        
   9   1          P25 = 0;
  10   1          P26 = 0;
  11   1          P27 = 0;//锁存
  12   1        
  13   1          P0 = 0;
  14   1          P2 = P2 & 0x1F | 0xA0;      // P27~P25清零，再定位Y5C
  15   1          P2 &= 0x1F;           // P27~P25清零
  16   1      }
  17          
  18          void led_display(unsigned char num)
  19          {
  20   1          P0 = ~num;
  21   1        
  22   1          P25 = 0;
  23   1          P26 = 0;
  24   1          P27 = 1;//导通
  25   1        
  26   1          P25 = 0;
  27   1          P26 = 0;
  28   1          P27 = 0;//锁存
  29   1        
  30   1      }
  31          
  32          void delay(unsigned int num)
  33          {
  34   1        unsigned int i;
  35   1        while(num--)
  36   1          for(i=0; i<628; i++);
  37   1      }


MODULE INFORMATION:   STATIC OVERLAYABLE
   CODE SIZE        =     77    ----
   CONSTANT SIZE    =   ----    ----
   XDATA SIZE       =   ----    ----
   PDATA SIZE       =   ----    ----
   DATA SIZE        =   ----    ----
   IDATA SIZE       =   ----    ----
   BIT SIZE         =   ----    ----
END OF MODULE INFORMATION.


C51 COMPILATION COMPLETE.  0 WARNING(S),  0 ERROR(S)
