C51 COMPILER V9.60.0.0   MAIN                                                              04/25/2021 10:27:07 PAGE 1   


C51 COMPILER V9.60.0.0, COMPILATION OF MODULE MAIN
OBJECT MODULE PLACED IN main.OBJ
COMPILER INVOKED BY: D:\Software\keil5\C51\BIN\C51.EXE main.c OPTIMIZE(8,SPEED) BROWSE INCDIR(.\driver) DEBUG OBJECTEXTE
                    -ND TABS(2)

line level    source

   1          
   2          #include "led.h"
   3          
   4          void main(){
   5   1        
   6   1          led_init();
   7   1        
   8   1          //P27 = 0;
   9   1          while(1){
  10   2            
  11   2            
  12   2            //P27 = 0;
  13   2            led_display(0x01);
  14   2            delay(500);
  15   2            //P27 = 1;
  16   2            led_display(0x00);
  17   2            delay(500);
  18   2            
  19   2          }
  20   1      }
  21          
  22          
  23          


MODULE INFORMATION:   STATIC OVERLAYABLE
   CODE SIZE        =     29    ----
   CONSTANT SIZE    =   ----    ----
   XDATA SIZE       =   ----    ----
   PDATA SIZE       =   ----    ----
   DATA SIZE        =   ----    ----
   IDATA SIZE       =   ----    ----
   BIT SIZE         =   ----    ----
END OF MODULE INFORMATION.


C51 COMPILATION COMPLETE.  0 WARNING(S),  0 ERROR(S)
