C51 COMPILER V9.60.0.0   EXTI                                                              06/25/2021 13:47:03 PAGE 1   


C51 COMPILER V9.60.0.0, COMPILATION OF MODULE EXTI
OBJECT MODULE PLACED IN exti.obj
COMPILER INVOKED BY: D:\Software\keil5\C51\BIN\C51.EXE driver\exti.c OPTIMIZE(8,SPEED) BROWSE INCDIR(.\driver) DEBUG OBJ
                    -ECTEXTEND PRINT(.\exti.lst) TABS(2) OBJECT(exti.obj)

line level    source

   1          #include "exti.h"
   2          void exti_init()
   3          {
   4   1        EX1 = 1;//开启外部中断1
   5   1        IT1 = 1;//配置成下降沿触发模式
   6   1        
   7   1        EX0 = 1;
   8   1        IT0 = 1;
   9   1        
  10   1        EA = 1;//开启总中断
  11   1      }
  12          
  13          void exti_0(void) interrupt 0
  14          {
  15   1        static int i = 0;
  16   1        i++;
  17   1        if(i%2)
  18   1          led_display(0xFF);
  19   1        else 
  20   1          led_display(0x00);
  21   1      } 
  22          
  23          void exti_1(void) interrupt 2
  24          {
  25   1        static int i = 0;
  26   1        i++;
  27   1        if(i%2)
  28   1          led_display(0xFF);
  29   1        else 
  30   1          led_display(0x00);
  31   1      } 
  32          


MODULE INFORMATION:   STATIC OVERLAYABLE
   CODE SIZE        =    185    ----
   CONSTANT SIZE    =   ----    ----
   XDATA SIZE       =   ----    ----
   PDATA SIZE       =   ----    ----
   DATA SIZE        =      4    ----
   IDATA SIZE       =   ----    ----
   BIT SIZE         =   ----    ----
END OF MODULE INFORMATION.


C51 COMPILATION COMPLETE.  0 WARNING(S),  0 ERROR(S)
